{"uuid":"3890f61a-86b7-4806-a361-9e948119f3d5","historyId":"fc05dcadf7b41b2994acd641f67a3f23","fullName":"src/test/resources/features/userapiFlow.feature:32","labels":[{"name":"host","value":"DheenatalansAir.fios-router.home"},{"name":"thread","value":"3731@DheenatalansAir.fios-router.home.main(1)"},{"name":"feature","value":"User Service API Operations"},{"name":"story","value":"Get User by First Name"},{"name":"suite","value":"User Service API Operations"},{"name":"testClass","value":"Get User by First Name"},{"name":"framework","value":"cucumber4jvm"},{"name":"language","value":"java"},{"name":"gherkin_uri","value":"file:///Users/mathumathibalakrishnan/eclipse/Mathumathi_2024/restassured_bdd/src/test/resources/features/userapiFlow.feature"},{"name":"package","value":"src.test.resources.features.userapiFlow_feature.User Service API Operations"}],"links":[],"name":"Get User by First Name","status":"failed","statusDetails":{"known":false,"muted":false,"flaky":false,"message":"expected [[Mathuupdat]] but found [Mathuupdat]","trace":"java.lang.AssertionError: expected [[Mathuupdat]] but found [Mathuupdat]\n\tat org.testng.Assert.fail(Assert.java:111)\n\tat org.testng.Assert.failNotEquals(Assert.java:1578)\n\tat org.testng.Assert.assertEqualsImpl(Assert.java:150)\n\tat org.testng.Assert.assertEquals(Assert.java:132)\n\tat org.testng.Assert.assertEquals(Assert.java:656)\n\tat org.testng.Assert.assertEquals(Assert.java:666)\n\tat stepdefinition.userapiFlowtest.the_response_should_contain_the_correct_user_details_for_the_stored_user_first_name(userapiFlowtest.java:199)\n\tat ✽.the response should contain the correct user details for the stored user first name(file:///Users/mathumathibalakrishnan/eclipse/Mathumathi_2024/restassured_bdd/src/test/resources/features/userapiFlow.feature:35)\n"},"stage":"finished","description":"  To test User Service API endpoints for creating, fetching, updating, and deleting users","steps":[{"name":"Given  I send a GET request to \"/users/username/{firstname}\" with the stored user first name","status":"passed","statusDetails":{"known":false,"muted":false,"flaky":false},"stage":"finished","steps":[],"attachments":[],"parameters":[],"start":1727360674212,"stop":1727360674666},{"name":"Then  I should receive a valid response with status code 200","status":"passed","statusDetails":{"known":false,"muted":false,"flaky":false},"stage":"finished","steps":[],"attachments":[],"parameters":[],"start":1727360674669,"stop":1727360674673},{"name":"And  the response should contain the correct user details for the stored user first name","status":"failed","statusDetails":{"known":false,"muted":false,"flaky":false,"message":"expected [[Mathuupdat]] but found [Mathuupdat]","trace":"java.lang.AssertionError: expected [[Mathuupdat]] but found [Mathuupdat]\n\tat org.testng.Assert.fail(Assert.java:111)\n\tat org.testng.Assert.failNotEquals(Assert.java:1578)\n\tat org.testng.Assert.assertEqualsImpl(Assert.java:150)\n\tat org.testng.Assert.assertEquals(Assert.java:132)\n\tat org.testng.Assert.assertEquals(Assert.java:656)\n\tat org.testng.Assert.assertEquals(Assert.java:666)\n\tat stepdefinition.userapiFlowtest.the_response_should_contain_the_correct_user_details_for_the_stored_user_first_name(userapiFlowtest.java:199)\n\tat ✽.the response should contain the correct user details for the stored user first name(file:///Users/mathumathibalakrishnan/eclipse/Mathumathi_2024/restassured_bdd/src/test/resources/features/userapiFlow.feature:35)\n"},"stage":"finished","steps":[],"attachments":[],"parameters":[],"start":1727360674674,"stop":1727360674766}],"attachments":[],"parameters":[],"start":1727360674211,"stop":1727360674769}