{"uuid":"73ca0357-2a00-4c77-ab0c-4dd06db108eb","historyId":"b0726c2680c6bd5cdaa6cded334987f7","fullName":"src/test/resources/features/userapiFlow.feature:10","labels":[{"name":"host","value":"DheenatalansAir.fios-router.home"},{"name":"thread","value":"97876@DheenatalansAir.fios-router.home.main(1)"},{"name":"feature","value":"User Service API Operations"},{"name":"story","value":"Create User"},{"name":"suite","value":"User Service API Operations"},{"name":"testClass","value":"Create User"},{"name":"framework","value":"cucumber4jvm"},{"name":"language","value":"java"},{"name":"gherkin_uri","value":"file:///Users/mathumathibalakrishnan/eclipse/Mathumathi_2024/restassured_bdd/src/test/resources/features/userapiFlow.feature"},{"name":"package","value":"src.test.resources.features.userapiFlow_feature.User Service API Operations"}],"links":[],"name":"Create User","status":"failed","statusDetails":{"known":false,"muted":false,"flaky":false,"message":"expected [1] but found [907]","trace":"java.lang.AssertionError: expected [1] but found [907]\n\tat org.testng.Assert.fail(Assert.java:111)\n\tat org.testng.Assert.failNotEquals(Assert.java:1578)\n\tat org.testng.Assert.assertEqualsImpl(Assert.java:150)\n\tat org.testng.Assert.assertEquals(Assert.java:132)\n\tat org.testng.Assert.assertEquals(Assert.java:1419)\n\tat org.testng.Assert.assertEquals(Assert.java:1383)\n\tat org.testng.Assert.assertEquals(Assert.java:1429)\n\tat stepdefinition.userapiFlowtest.the_user_count_should_be_increased_by_1(userapiFlowtest.java:134)\n\tat ✽.the user count should be increased by 1(file:///Users/mathumathibalakrishnan/eclipse/Mathumathi_2024/restassured_bdd/src/test/resources/features/userapiFlow.feature:16)\n"},"stage":"finished","description":"  To test User Service API endpoints for creating, fetching, updating, and deleting users","steps":[{"name":"Given  I send a POST request to \"/createusers\" with the following data:","status":"passed","statusDetails":{"known":false,"muted":false,"flaky":false},"stage":"finished","steps":[],"attachments":[{"name":"Data table","source":"9f2de35c-072e-40a5-89e8-026c7d91df6b-attachment.csv","type":"text/tab-separated-values"}],"parameters":[],"start":1727310441228,"stop":1727310442257},{"name":"Then  I should receive a valid response with status code 201","status":"passed","statusDetails":{"known":false,"muted":false,"flaky":false},"stage":"finished","steps":[],"attachments":[],"parameters":[],"start":1727310442260,"stop":1727310442263},{"name":"And  the user should be created successfully","status":"passed","statusDetails":{"known":false,"muted":false,"flaky":false},"stage":"finished","steps":[],"attachments":[],"parameters":[],"start":1727310442264,"stop":1727310442346},{"name":"And  the user count should be increased by 1","status":"failed","statusDetails":{"known":false,"muted":false,"flaky":false,"message":"expected [1] but found [907]","trace":"java.lang.AssertionError: expected [1] but found [907]\n\tat org.testng.Assert.fail(Assert.java:111)\n\tat org.testng.Assert.failNotEquals(Assert.java:1578)\n\tat org.testng.Assert.assertEqualsImpl(Assert.java:150)\n\tat org.testng.Assert.assertEquals(Assert.java:132)\n\tat org.testng.Assert.assertEquals(Assert.java:1419)\n\tat org.testng.Assert.assertEquals(Assert.java:1383)\n\tat org.testng.Assert.assertEquals(Assert.java:1429)\n\tat stepdefinition.userapiFlowtest.the_user_count_should_be_increased_by_1(userapiFlowtest.java:134)\n\tat ✽.the user count should be increased by 1(file:///Users/mathumathibalakrishnan/eclipse/Mathumathi_2024/restassured_bdd/src/test/resources/features/userapiFlow.feature:16)\n"},"stage":"finished","steps":[],"attachments":[],"parameters":[],"start":1727310442346,"stop":1727310444250}],"attachments":[],"parameters":[],"start":1727310441218,"stop":1727310444254}